#-----------------------------------------------------------
# Vivado v2018.3 (64-bit)
# SW Build 2405991 on Thu Dec  6 23:38:27 MST 2018
# IP Build 2404404 on Fri Dec  7 01:43:56 MST 2018
# Start of session at: Tue May 21 13:36:38 2019
# Process ID: 21944
# Current directory: D:/Projects/Hipero/svn/dev/fpga/ip_projects/payload_partition
# Command line: vivado.exe -gui_launcher_event rodinguilauncherevent19312 D:\Projects\Hipero\svn\dev\fpga\ip_projects\payload_partition\payload_partition.xpr
# Log file: D:/Projects/Hipero/svn/dev/fpga/ip_projects/payload_partition/vivado.log
# Journal file: D:/Projects/Hipero/svn/dev/fpga/ip_projects/payload_partition\vivado.jou
#-----------------------------------------------------------
start_gui
open_project D:/Projects/Hipero/svn/dev/fpga/ip_projects/payload_partition/payload_partition.xpr
Scanning sources...
Finished scanning sources
INFO: [IP_Flow 19-234] Refreshing IP repositories
INFO: [IP_Flow 19-1704] No user IP repositories specified
INFO: [IP_Flow 19-2313] Loaded Vivado IP repository 'G:/Xilinx/Vivado/2018.3/data/ip'.
open_project: Time (s): cpu = 00:00:17 ; elapsed = 00:00:08 . Memory (MB): peak = 761.457 ; gain = 133.750
update_compile_order -fileset sources_1
exit
INFO: [Common 17-206] Exiting Vivado at Tue May 21 13:37:19 2019...
