#-----------------------------------------------------------
# Vivado v2018.3 (64-bit)
# SW Build 2405991 on Thu Dec  6 23:38:27 MST 2018
# IP Build 2404404 on Fri Dec  7 01:43:56 MST 2018
# Start of session at: Thu May  9 23:29:47 2019
# Process ID: 30540
# Current directory: D:/Projects/Hipero/svn/dev/fpga/ip_projects/semicap
# Command line: vivado.exe -gui_launcher_event rodinguilauncherevent48256 D:\Projects\Hipero\svn\dev\fpga\ip_projects\semicap\semicap.xpr
# Log file: D:/Projects/Hipero/svn/dev/fpga/ip_projects/semicap/vivado.log
# Journal file: D:/Projects/Hipero/svn/dev/fpga/ip_projects/semicap\vivado.jou
#-----------------------------------------------------------
start_gui
open_project D:/Projects/Hipero/svn/dev/fpga/ip_projects/semicap/semicap.xpr
Scanning sources...
Finished scanning sources
INFO: [IP_Flow 19-234] Refreshing IP repositories
INFO: [IP_Flow 19-1700] Loaded user IP repository 'd:/Projects/Hipero/svn/dev/fpga/ip_repo'.
INFO: [IP_Flow 19-2313] Loaded Vivado IP repository 'G:/Xilinx/Vivado/2018.3/data/ip'.
open_project: Time (s): cpu = 00:00:19 ; elapsed = 00:00:10 . Memory (MB): peak = 877.602 ; gain = 248.734
update_compile_order -fileset sources_1
open_bd_design {D:/Projects/Hipero/svn/dev/fpga/ip_projects/semicap/semicap.srcs/sources_1/bd/semicap/semicap.bd}
Adding cell -- xilinx.com:ip:sem_ultra:3.1 - hipero_sem
Adding cell -- xilinx.com:ip:axi_hwicap:3.0 - axi_hwicap
Adding cell -- xilinx.com:user:hipero_icap:1.0 - hipero_icap
Adding cell -- cbkpan:hipero:semicap_engine:2.0 - semicap_engine
INFO: [BD 41-434] Could not find an IP with XCI file by name: semicap_engine 
WARNING: [IP_Flow 19-3432] UI File d:/Projects/Hipero/svn/dev/fpga/ip_repo/semicap_engine/xgui/semicap_engine_v2_0.tcl does not exist
WARNING: [IP_Flow 19-2991] No XGUI Files found 
Successfully read diagram <semicap> from BD file <D:/Projects/Hipero/svn/dev/fpga/ip_projects/semicap/semicap.srcs/sources_1/bd/semicap/semicap.bd>
INFO: [BD 41-433] 
Design successfully migrated to use XCI files...
Wrote  : <D:/Projects/Hipero/svn/dev/fpga/ip_projects/semicap/semicap.srcs/sources_1/bd/semicap/ui/bd_8fda9484.ui> 
report_ip_status -name ip_status 
WARNING: [IP_Flow 19-2991] No XGUI Files found 
WARNING: [IP_Flow 19-474] Invalid Parameter 'Component_Name'
exit
INFO: [Common 17-206] Exiting Vivado at Thu May  9 23:31:51 2019...
