#-----------------------------------------------------------
# Vivado v2018.3 (64-bit)
# SW Build 2405991 on Thu Dec  6 23:38:27 MST 2018
# IP Build 2404404 on Fri Dec  7 01:43:56 MST 2018
# Start of session at: Thu May  9 23:28:32 2019
# Process ID: 10236
# Current directory: D:/Projects/Hipero/svn/dev/fpga/ip_projects/semicap
# Command line: vivado.exe -gui_launcher_event rodinguilauncherevent35880 D:\Projects\Hipero\svn\dev\fpga\ip_projects\semicap\semicap.xpr
# Log file: D:/Projects/Hipero/svn/dev/fpga/ip_projects/semicap/vivado.log
# Journal file: D:/Projects/Hipero/svn/dev/fpga/ip_projects/semicap\vivado.jou
#-----------------------------------------------------------
start_gui
open_project D:/Projects/Hipero/svn/dev/fpga/ip_projects/semicap/semicap.xpr
Scanning sources...
Finished scanning sources
INFO: [IP_Flow 19-234] Refreshing IP repositories
INFO: [IP_Flow 19-1700] Loaded user IP repository 'd:/Projects/Hipero/svn/dev/fpga/ip_repo'.
INFO: [IP_Flow 19-2313] Loaded Vivado IP repository 'G:/Xilinx/Vivado/2018.3/data/ip'.
WARNING: [BD 41-1661] One or more IPs have been locked in the design 'semicap.bd'. Please run report_ip_status for more details and recommendations on how to fix this issue.
List of locked IPs:
semicap_semicap_engine_v1_0_0_0

open_project: Time (s): cpu = 00:00:20 ; elapsed = 00:00:10 . Memory (MB): peak = 969.570 ; gain = 82.688
update_compile_order -fileset sources_1
open_bd_design {D:/Projects/Hipero/svn/dev/fpga/ip_projects/semicap/semicap.srcs/sources_1/bd/semicap/semicap.bd}
Adding cell -- xilinx.com:ip:sem_ultra:3.1 - hipero_sem
Adding cell -- xilinx.com:ip:axi_hwicap:3.0 - axi_hwicap
Adding cell -- xilinx.com:user:hipero_icap:1.0 - hipero_icap
Adding cell -- cbkpan:hipero:semicap_engine:2.0 - semicap_engine
INFO: [BD 41-434] Could not find an IP with XCI file by name: semicap_engine 
WARNING: [IP_Flow 19-3432] UI File d:/Projects/Hipero/svn/dev/fpga/ip_repo/semicap_engine/xgui/semicap_engine_v2_0.tcl does not exist
WARNING: [IP_Flow 19-2991] No XGUI Files found 
CRITICAL WARNING: [BD 41-2160] Unable to find cell <semicap_engine_v1_0_0> while setting up interface connections during loading of BD file.
CRITICAL WARNING: [BD 41-2164] Unable to find cell <semicap_engine_v1_0_0> while setting up net connections during loading of BD file.
CRITICAL WARNING: [BD 41-2164] Unable to find cell <semicap_engine_v1_0_0> while setting up net connections during loading of BD file.
CRITICAL WARNING: [BD 41-2164] Unable to find cell <semicap_engine_v1_0_0> while setting up net connections during loading of BD file.
CRITICAL WARNING: [BD 41-2164] Unable to find cell <semicap_engine_v1_0_0> while setting up net connections during loading of BD file.
CRITICAL WARNING: [BD 41-2164] Unable to find cell <semicap_engine_v1_0_0> while setting up net connections during loading of BD file.
CRITICAL WARNING: [BD 41-2164] Unable to find cell <semicap_engine_v1_0_0> while setting up net connections during loading of BD file.
CRITICAL WARNING: [BD 41-2164] Unable to find cell <semicap_engine_v1_0_0> while setting up net connections during loading of BD file.
CRITICAL WARNING: [BD 41-2164] Unable to find cell <semicap_engine_v1_0_0> while setting up net connections during loading of BD file.
CRITICAL WARNING: [BD 41-2164] Unable to find cell <semicap_engine_v1_0_0> while setting up net connections during loading of BD file.
CRITICAL WARNING: [BD 41-2164] Unable to find cell <semicap_engine_v1_0_0> while setting up net connections during loading of BD file.
CRITICAL WARNING: [BD 41-2164] Unable to find cell <semicap_engine_v1_0_0> while setting up net connections during loading of BD file.
CRITICAL WARNING: [BD 41-2164] Unable to find cell <semicap_engine_v1_0_0> while setting up net connections during loading of BD file.
CRITICAL WARNING: [BD 41-2164] Unable to find cell <semicap_engine_v1_0_0> while setting up net connections during loading of BD file.
CRITICAL WARNING: [BD 41-2164] Unable to find cell <semicap_engine_v1_0_0> while setting up net connections during loading of BD file.
CRITICAL WARNING: [BD 41-2164] Unable to find cell <semicap_engine_v1_0_0> while setting up net connections during loading of BD file.
CRITICAL WARNING: [BD 41-2164] Unable to find cell <semicap_engine_v1_0_0> while setting up net connections during loading of BD file.
CRITICAL WARNING: [BD 41-2164] Unable to find cell <semicap_engine_v1_0_0> while setting up net connections during loading of BD file.
CRITICAL WARNING: [BD 41-2164] Unable to find cell <semicap_engine_v1_0_0> while setting up net connections during loading of BD file.
CRITICAL WARNING: [BD 41-2164] Unable to find cell <semicap_engine_v1_0_0> while setting up net connections during loading of BD file.
CRITICAL WARNING: [BD 41-2164] Unable to find cell <semicap_engine_v1_0_0> while setting up net connections during loading of BD file.
CRITICAL WARNING: [BD 41-2164] Unable to find cell <semicap_engine_v1_0_0> while setting up net connections during loading of BD file.
CRITICAL WARNING: [BD 41-2164] Unable to find cell <semicap_engine_v1_0_0> while setting up net connections during loading of BD file.
CRITICAL WARNING: [BD 41-2164] Unable to find cell <semicap_engine_v1_0_0> while setting up net connections during loading of BD file.
CRITICAL WARNING: [BD 41-2164] Unable to find cell <semicap_engine_v1_0_0> while setting up net connections during loading of BD file.
CRITICAL WARNING: [BD 41-2164] Unable to find cell <semicap_engine_v1_0_0> while setting up net connections during loading of BD file.
CRITICAL WARNING: [BD 41-2164] Unable to find cell <semicap_engine_v1_0_0> while setting up net connections during loading of BD file.
CRITICAL WARNING: [BD 41-2164] Unable to find cell <semicap_engine_v1_0_0> while setting up net connections during loading of BD file.
CRITICAL WARNING: [BD 41-2164] Unable to find cell <semicap_engine_v1_0_0> while setting up net connections during loading of BD file.
CRITICAL WARNING: [BD 41-2164] Unable to find cell <semicap_engine_v1_0_0> while setting up net connections during loading of BD file.
CRITICAL WARNING: [BD 41-2164] Unable to find cell <semicap_engine_v1_0_0> while setting up net connections during loading of BD file.
CRITICAL WARNING: [BD 41-2164] Unable to find cell <semicap_engine_v1_0_0> while setting up net connections during loading of BD file.
CRITICAL WARNING: [BD 41-2164] Unable to find cell <semicap_engine_v1_0_0> while setting up net connections during loading of BD file.
CRITICAL WARNING: [BD 41-2164] Unable to find cell <semicap_engine_v1_0_0> while setting up net connections during loading of BD file.
CRITICAL WARNING: [BD 41-2164] Unable to find cell <semicap_engine_v1_0_0> while setting up net connections during loading of BD file.
CRITICAL WARNING: [BD 41-2164] Unable to find cell <semicap_engine_v1_0_0> while setting up net connections during loading of BD file.
CRITICAL WARNING: [BD 41-2164] Unable to find cell <semicap_engine_v1_0_0> while setting up net connections during loading of BD file.
CRITICAL WARNING: [BD 41-2164] Unable to find cell <semicap_engine_v1_0_0> while setting up net connections during loading of BD file.
CRITICAL WARNING: [BD 41-2164] Unable to find cell <semicap_engine_v1_0_0> while setting up net connections during loading of BD file.
CRITICAL WARNING: [BD 41-2164] Unable to find cell <semicap_engine_v1_0_0> while setting up net connections during loading of BD file.
CRITICAL WARNING: [BD 41-2164] Unable to find cell <semicap_engine_v1_0_0> while setting up net connections during loading of BD file.
CRITICAL WARNING: [BD 41-2164] Unable to find cell <semicap_engine_v1_0_0> while setting up net connections during loading of BD file.
CRITICAL WARNING: [BD 41-2164] Unable to find cell <semicap_engine_v1_0_0> while setting up net connections during loading of BD file.
CRITICAL WARNING: [BD 41-2164] Unable to find cell <semicap_engine_v1_0_0> while setting up net connections during loading of BD file.
CRITICAL WARNING: [BD 41-2164] Unable to find cell <semicap_engine_v1_0_0> while setting up net connections during loading of BD file.
CRITICAL WARNING: [BD 41-2164] Unable to find cell <semicap_engine_v1_0_0> while setting up net connections during loading of BD file.
CRITICAL WARNING: [BD 41-2164] Unable to find cell <semicap_engine_v1_0_0> while setting up net connections during loading of BD file.
CRITICAL WARNING: [BD 41-2164] Unable to find cell <semicap_engine_v1_0_0> while setting up net connections during loading of BD file.
CRITICAL WARNING: [BD 41-2164] Unable to find cell <semicap_engine_v1_0_0> while setting up net connections during loading of BD file.
CRITICAL WARNING: [BD 41-2164] Unable to find cell <semicap_engine_v1_0_0> while setting up net connections during loading of BD file.
CRITICAL WARNING: [BD 41-2164] Unable to find cell <semicap_engine_v1_0_0> while setting up net connections during loading of BD file.
CRITICAL WARNING: [BD 41-2164] Unable to find cell <semicap_engine_v1_0_0> while setting up net connections during loading of BD file.
CRITICAL WARNING: [BD 41-2164] Unable to find cell <semicap_engine_v1_0_0> while setting up net connections during loading of BD file.
CRITICAL WARNING: [BD 41-2164] Unable to find cell <semicap_engine_v1_0_0> while setting up net connections during loading of BD file.
WARNING: [BD 41-705] Could not load assignment of </semicap_engine_v1_0_0/s00_axi/reg0> into address space <AXI_ENG>
Successfully read diagram <semicap> from BD file <D:/Projects/Hipero/svn/dev/fpga/ip_projects/semicap/semicap.srcs/sources_1/bd/semicap/semicap.bd>
INFO: [BD 41-433] 
Design successfully migrated to use XCI files...
Wrote  : <D:/Projects/Hipero/svn/dev/fpga/ip_projects/semicap/semicap.srcs/sources_1/bd/semicap/ui/bd_8fda9484.ui> 
exit
INFO: [Common 17-206] Exiting Vivado at Thu May  9 23:29:15 2019...
