#-----------------------------------------------------------
# Vivado v2019.1 (64-bit)
# SW Build 2552052 on Fri May 24 14:49:42 MDT 2019
# IP Build 2548770 on Fri May 24 18:01:18 MDT 2019
# Start of session at: Mon Oct  7 14:59:59 2019
# Process ID: 13060
# Current directory: F:/Projekty/HIPERO/dev/fpga/ip_projects/semicap_engine
# Command line: vivado.exe -gui_launcher_event rodinguilauncherevent10468 F:\Projekty\HIPERO\dev\fpga\ip_projects\semicap_engine\semicap_engine.xpr
# Log file: F:/Projekty/HIPERO/dev/fpga/ip_projects/semicap_engine/vivado.log
# Journal file: F:/Projekty/HIPERO/dev/fpga/ip_projects/semicap_engine\vivado.jou
#-----------------------------------------------------------
start_gui
open_project F:/Projekty/HIPERO/dev/fpga/ip_projects/semicap_engine/semicap_engine.xpr
INFO: [Project 1-313] Project file moved from 'D:/Projects/Hipero/svn/dev/fpga/ip_projects/semicap_engine' since last save.
Scanning sources...
Finished scanning sources
INFO: [IP_Flow 19-234] Refreshing IP repositories
INFO: [IP_Flow 19-1704] No user IP repositories specified
INFO: [IP_Flow 19-2313] Loaded Vivado IP repository 'I:/Xilinx/Vivado/2019.1/data/ip'.
open_project: Time (s): cpu = 00:00:13 ; elapsed = 00:00:12 . Memory (MB): peak = 814.133 ; gain = 154.539
update_compile_order -fileset sources_1
exit
INFO: [Common 17-206] Exiting Vivado at Tue Oct  8 12:35:15 2019...
