#-----------------------------------------------------------
# Vivado v2018.3 (64-bit)
# SW Build 2405991 on Thu Dec  6 23:38:27 MST 2018
# IP Build 2404404 on Fri Dec  7 01:43:56 MST 2018
# Start of session at: Wed Apr 24 11:42:59 2019
# Process ID: 14636
# Current directory: D:/Projects/Hipero/svn/dev/fpga/ip/semicap/project/semicap.srcs/sources_1/bd/semicap/ip/semicap_semicap_engine_0_0
# Command line: vivado.exe -gui_launcher_event rodinguilauncherevent26692 D:\Projects\Hipero\svn\dev\fpga\ip\semicap\project\semicap.srcs\sources_1\bd\semicap\ip\semicap_semicap_engine_0_0\semicap_semicap_engine_0_0.dcp
# Log file: D:/Projects/Hipero/svn/dev/fpga/ip/semicap/project/semicap.srcs/sources_1/bd/semicap/ip/semicap_semicap_engine_0_0/vivado.log
# Journal file: D:/Projects/Hipero/svn/dev/fpga/ip/semicap/project/semicap.srcs/sources_1/bd/semicap/ip/semicap_semicap_engine_0_0\vivado.jou
#-----------------------------------------------------------
start_gui
open_checkpoint D:/Projects/Hipero/svn/dev/fpga/ip/semicap/project/semicap.srcs/sources_1/bd/semicap/ip/semicap_semicap_engine_0_0/semicap_semicap_engine_0_0.dcp
Command: open_checkpoint D:/Projects/Hipero/svn/dev/fpga/ip/semicap/project/semicap.srcs/sources_1/bd/semicap/ip/semicap_semicap_engine_0_0/semicap_semicap_engine_0_0.dcp

Starting open_checkpoint Task

Time (s): cpu = 00:00:00 ; elapsed = 00:00:00.040 . Memory (MB): peak = 626.695 ; gain = 0.000
INFO: [IP_Flow 19-234] Refreshing IP repositories
INFO: [IP_Flow 19-1704] No user IP repositories specified
INFO: [IP_Flow 19-2313] Loaded Vivado IP repository 'G:/Xilinx/Vivado/2018.3/data/ip'.
INFO: [Project 1-479] Netlist was created with Vivado 2018.3
INFO: [Device 21-403] Loading part xcku040-ffva1156-2-e
INFO: [Project 1-570] Preparing netlist for logic optimization
Netlist sorting complete. Time (s): cpu = 00:00:00 ; elapsed = 00:00:00 . Memory (MB): peak = 1321.969 ; gain = 0.000
INFO: [Project 1-111] Unisim Transformation Summary:
No Unisim elements were transformed.

INFO: [Project 1-604] Checkpoint was created with Vivado v2018.3 (64-bit) build 2405991
open_checkpoint: Time (s): cpu = 00:00:37 ; elapsed = 00:00:21 . Memory (MB): peak = 1545.910 ; gain = 923.445
exit
INFO: [Common 17-206] Exiting Vivado at Wed Apr 24 11:44:25 2019...
